                                                                
      ,ammmmmmmmmmmmmmb,,        Welcome to the                 
    ,@@` dm          mb  ===m                                    
  ,@@` d@@@@@@@@@@@@@@@@b Pm,    @@          @@        @@       
 d@  d@@@ @@@ @@@@@@ @@@@b ~@a   @@          @@     @@@@@@@@    
d@   @@@@ ^^^ @@@@ m m @@@   @,  @@          @@   @@@  @@  @@@  
@    @@@@_@@@_@@@@mm mm@@@   @|  @@mmmmmmmmmm@@  @@    @@    @@ 
P@    9@@@@@@@@@@@@@@@@@P    @~  @@@@@@@@@@@@@@  @@    @@    @@ 
 @@      ~~9@@@@@@PPP~      @P   @@          @@   @@@  @@  @@@  
  ~@@b      @@@@@@@      ,@@~    @@          @@     @@@@@@@@    
    ~@@@m,,@@@@@@@@@  ,m@~`      @@          @@        @@       
        ~~9@@@@@@@@@  ~                                         
           9@P~~~9@P             Version 3.3.1    
                                                                


#####  Parallelization Info.  #####

  OpenMP threads : 1
  MPI PEs : 1 

  Read File 'namelist.def'.
  Read File 'calcmod.def' for CalcMod.
  Read File 'modpara.def' for ModPara.
  Read File 'locspn.def' for LocSpin.
  Read File 'trans.def' for Trans.
  Read File 'InterAll.def' for InterAll.
  Read File 'greenone.def' for OneBodyG.
  Read File 'greentwo.def' for TwoBodyG.
  Read File 'pair.def' for PairExcitation.

######  Definition files are correct.  ######

  Read File 'locspn.def'.
  Read File 'trans.def'.
  Read File 'InterAll.def'.
  Read File 'greenone.def'.
  Read File 'greentwo.def'.
  Read File 'pair.def'.

######  Indices and Parameters of Definition files(*.def) are complete.  ######

  MAX DIMENSION idim_max=531441 
  APPROXIMATE REQUIRED MEMORY  max_mem=0.019132 GB 


######  MPI site separation summary  ######

  INTRA process site
    Site    Bit
       0       3
       1       3
       2       3
       3       3
       4       3
       5       3
       6       3
       7       3
       8       3
       9       3
      10       3
      11       3

  INTER process site
    Site    Bit

  Process element info
    Process       Dimension   Nup  Ndown  Nelec  Total2Sz   State
          0          531441     0      0      0         0   

   Total dimension : 531441


######  LARGE ALLOCATE FINISH !  ######

  Start: Calculate HilbertNum for fixed Sz. 
  End  : Calculate HilbertNum for fixed Sz. 

  Start: Calculate diagaonal components of Hamiltonian. 
  End  : Calculate diagaonal components of Hamiltonian. 

######  Start: Calculate Lanczos Eigenvalue.  ######

  initial_mode=1 (random): iv = -1 i_max=531441 k_exct =1 

  LanczosStep  E[1] E[2] E[3] E[4] Target:E[3] E_Max/Nsite
  stp = 2 1.1808404850 5.2130783726 xxxxxxxxxx xxxxxxxxx xxxxxxxxx xxxxxxxxx 
  stp = 3 0.3894107059 3.3654457143 7.2234247338 0.0000000000 7.2234247338 0.6019520612
  stp = 4 -0.1058530410 2.2394550453 5.2099812902 8.8378660467 5.2099812902 0.7364888372
  stp = 5 -0.4447086068 1.4640045508 3.9005490680 6.7760311898 3.9005490680 0.8426561478
  stp = 6 -0.6909364240 0.8962263826 2.9471685762 5.3560706802 2.9471685762 0.9242597215
  stp = 7 -0.8796111513 0.4609544741 2.2142700622 4.2883927396 2.2142700622 0.9859677906
  stp = 8 -1.0339069073 0.1109493275 1.6265923315 3.4370536163 1.6265923315 1.0319686440
  stp = 9 -1.1666924909 -0.1771381443 1.1461438327 2.7374989882 1.1461438327 1.0632652509
  stp = 10 -1.2815453125 -0.4106145616 0.7545656464 2.1589674191 0.7545656464 1.0814052262
  stp = 11 -1.3810126044 -0.6004011101 0.4293717807 1.6759088841 0.4293717807 1.0913180722
  stp = 12 -1.4701946662 -0.7619938685 0.1488434719 1.2658769660 0.1488434719 1.0972406897
  stp = 13 -1.5515214603 -0.9026788004 -0.0917504802 0.9198530077 -0.0917504802 1.1009856533
  stp = 14 -1.6251525751 -1.0247334191 -0.2942922146 0.6245589474 -0.2942922146 1.1032668447
  stp = 15 -1.6914775029 -1.1309587412 -0.4659152116 0.3669019990 -0.4659152116 1.1046532808
  stp = 16 -1.7519858248 -1.2255780441 -0.6155940804 0.1391201168 -0.6155940804 1.1055942863
  stp = 17 -1.8066393477 -1.3098429068 -0.7462330089 -0.0580710468 -0.7462330089 1.1063124078
  stp = 18 -1.8549574104 -1.3843834657 -0.8601370718 -0.2283730559 -0.8601370718 1.1068908234
  stp = 19 -1.8947361973 -1.4473849541 -0.9565770804 -0.3731857970 -0.9565770804 1.1073124938
  stp = 20 -1.9245648831 -1.4979315702 -1.0363234464 -0.4956745604 -1.0363234464 1.1075708002
  stp = 21 -1.9464739910 -1.5397438829 -1.1064084395 -0.6065144663 -1.1064084395 1.1077226374
  stp = 22 -1.9630233738 -1.5770224645 -1.1734392086 -0.7125437970 -1.1734392086 1.1078201440
  stp = 23 -1.9758819510 -1.6123096872 -1.2396589082 -0.8114113939 -1.2396589082 1.1078899384
  stp = 24 -1.9854280288 -1.6444377905 -1.2993181297 -0.8930379693 -1.2993181297 1.1079412130
  stp = 25 -1.9915132127 -1.6692172851 -1.3438513817 -0.9517123687 -1.3438513817 1.1079757721
  stp = 26 -1.9950341027 -1.6864770272 -1.3751336516 -0.9954327244 -1.3751336516 1.1079972859
  stp = 27 -1.9970585310 -1.6986277448 -1.3989713374 -1.0341597939 -1.3989713374 1.1080088450
  stp = 28 -1.9983341519 -1.7083407379 -1.4211454370 -1.0789129694 -1.4211454370 1.1080142867
  stp = 29 -1.9991383642 -1.7163803551 -1.4435969016 -1.1336182442 -1.4435969016 1.1080168628
  stp = 30 -1.9995491781 -1.7217694655 -1.4619977275 -1.1805750743 -1.4619977275 1.1080180946
  stp = 31 -1.9997331443 -1.7248533227 -1.4746199660 -1.2120557392 -1.4746199660 1.1080186629
  stp = 32 -1.9998331538 -1.7269981754 -1.4853200871 -1.2390956912 -1.4853200871 1.1080189204
  stp = 33 -1.9999013908 -1.7289671292 -1.4980585227 -1.2728391335 -1.4980585227 1.1080190422
  stp = 34 -1.9999408793 -1.7305591074 -1.5119074875 -1.3092895309 -1.5119074875 1.1080191007
  stp = 35 -1.9999616876 -1.7317260152 -1.5252377361 -1.3408858929 -1.5252377361 1.1080191291
  stp = 36 -1.9999772172 -1.7329984483 -1.5443213877 -1.3777817602 -1.5443213877 1.1080191428
  stp = 37 -1.9999876619 -1.7343575060 -1.5696324331 -1.4121926716 -1.5696324331 1.1080191481
  stp = 38 -1.9999927597 -1.7353971921 -1.5901424103 -1.4316921140 -1.5901424103 1.1080191498
  stp = 39 -1.9999960414 -1.7364297976 -1.6097537188 -1.4465675576 -1.6097537188 1.1080191505
  stp = 40 -1.9999978005 -1.7372839111 -1.6246937882 -1.4566987631 -1.6246937882 1.1080191508
  stp = 41 -1.9999986413 -1.7378817841 -1.6344095139 -1.4632732547 -1.6344095139 1.1080191508
  stp = 42 -1.9999991894 -1.7384520575 -1.6432863996 -1.4698863097 -1.6432863996 1.1080191509
  stp = 43 -1.9999995006 -1.7389384344 -1.6506549880 -1.4764438491 -1.6506549880 1.1080191509
  stp = 44 -1.9999996947 -1.7394025430 -1.6575924249 -1.4844136230 -1.6575924249 1.1080191509
  stp = 45 -1.9999998172 -1.7398680560 -1.6644860326 -1.4953950740 -1.6644860326 1.1080191509
  stp = 46 -1.9999998829 -1.7402657160 -1.6702990875 -1.5080663164 -1.6702990875 1.1080191509
  stp = 47 -1.9999999237 -1.7406585842 -1.6759539940 -1.5236114516 -1.6759539940 1.1080191509
  stp = 48 -1.9999999489 -1.7410556526 -1.6815334724 -1.5409426661 -1.6815334724 1.1080191509
  stp = 49 -1.9999999667 -1.7415453408 -1.6880949435 -1.5613828417 -1.6880949435 1.1080191509
  stp = 50 -1.9999999794 -1.7422230810 -1.6962086768 -1.5835394707 -1.6962086768 1.1080191509
  stp = 51 -1.9999999879 -1.7432306525 -1.7056558227 -1.6036710860 -1.7056558227 1.1080191509
  stp = 52 -1.9999999931 -1.7447027039 -1.7147296608 -1.6184948583 -1.7147296608 1.1080191509
  stp = 53 -1.9999999962 -1.7467923503 -1.7220750564 -1.6286612908 -1.7220750564 1.1080191509
  stp = 54 -1.9999999981 -1.7495190355 -1.7272476476 -1.6357586313 -1.7272476476 1.1080191509
  stp = 55 -1.9999999991 -1.7522585343 -1.7302560603 -1.6404490238 -1.7302560603 1.1080191509
  stp = 56 -1.9999999995 -1.7542937564 -1.7317865412 -1.6432966849 -1.7317865412 1.1080191509
  stp = 57 -1.9999999998 -1.7556043516 -1.7325795599 -1.6450310203 -1.7325795599 1.1080191509
  stp = 58 -1.9999999999 -1.7564416823 -1.7330307637 -1.6461668473 -1.7330307637 1.1080191509
  stp = 59 -1.9999999999 -1.7570198292 -1.7333240191 -1.6470111463 -1.7333240191 1.1080191509
  stp = 60 -2.0000000000 -1.7574161105 -1.7335193803 -1.6476556602 -1.7335193803 1.1080191509
  stp = 61 -2.0000000000 -1.7576718021 -1.7336445480 -1.6481287931 -1.7336445480 1.1080191509
  stp = 62 -2.0000000000 -1.7578560940 -1.7337354764 -1.6485250694 -1.7337354764 1.1080191509
  stp = 63 -2.0000000000 -1.7579977274 -1.7338066914 -1.6488895772 -1.7338066914 1.1080191509
  stp = 64 -2.0000000000 -1.7581075655 -1.7338634699 -1.6492386672 -1.7338634699 1.1080191509
  stp = 65 -2.0000000000 -1.7581891118 -1.7339070863 -1.6495669114 -1.7339070863 1.1080191509
  stp = 66 -2.0000000000 -1.7582558866 -1.7339442768 -1.6499186683 -1.7339442768 1.1080191509
  stp = 67 -2.0000000000 -1.7583139591 -1.7339782315 -1.6503418221 -1.7339782315 1.1080191509
  stp = 68 -2.0000000000 -1.7583580399 -1.7340054181 -1.6508056321 -1.7340054181 1.1080191509
  stp = 69 -2.0000000000 -1.7583895377 -1.7340259011 -1.6512890495 -1.7340259011 1.1080191509
  stp = 70 -2.0000000000 -1.7584160634 -1.7340441379 -1.6519028769 -1.7340441379 1.1080191509
  stp = 71 -2.0000000000 -1.7584407258 -1.7340622305 -1.6528502516 -1.7340622305 1.1080191509
  stp = 72 -2.0000000000 -1.7584646786 -1.7340812296 -1.6546344909 -1.7340812296 1.1080191509
  stp = 73 -2.0000000000 -1.7584908479 -1.7341041601 -1.6592616077 -1.7341041601 1.1080191509
  stp = 74 -2.0000000000 -1.7585179053 -1.7341310699 -1.6689491863 -1.7341310699 1.1080191509
  stp = 75 -2.0000000000 -1.7585422993 -1.7341591005 -1.6795823901 -1.7341591005 1.1080191509
  stp = 76 -2.0000000000 -1.7585678510 -1.7341938005 -1.6901362524 -1.7341938005 1.1080191509
  stp = 77 -2.0000000000 -1.7585980579 -1.7342450262 -1.7008239598 -1.7342450262 1.1080191509
  stp = 78 -2.0000000000 -1.7586303893 -1.7343187829 -1.7099868729 -1.7343187829 1.1080191509
  stp = 79 -2.0000000000 -1.7586619870 -1.7344227342 -1.7169883336 -1.7344227342 1.1080191509
  stp = 80 -2.0000000000 -1.7586893840 -1.7345586025 -1.7218069720 -1.7345586025 1.1080191509
  stp = 81 -2.0000000000 -1.7587099044 -1.7347104510 -1.7247938819 -1.7347104510 1.1080191509
  stp = 82 -2.0000000000 -1.7587261532 -1.7348833422 -1.7268325795 -1.7348833422 1.1080191509
  stp = 83 -2.0000000000 -1.7587387561 -1.7350690369 -1.7282301946 -1.7350690369 1.1080191509
  stp = 84 -2.0000000000 -1.7587472160 -1.7352310863 -1.7290813369 -1.7352310863 1.1080191509
  stp = 85 -2.0000000000 -1.7587538307 -1.7353867432 -1.7297004641 -1.7353867432 1.1080191509
  stp = 86 -2.0000000000 -1.7587589702 -1.7355306233 -1.7301552492 -1.7355306233 1.1080191509
  stp = 87 -2.0000000000 -1.7587634522 -1.7356770192 -1.7305348301 -1.7356770192 1.1080191509
  stp = 88 -2.0000000000 -1.7587665269 -1.7357914749 -1.7307871844 -1.7357914749 1.1080191509
  stp = 89 -2.0000000000 -1.7587682290 -1.7358609433 -1.7309250291 -1.7358609433 1.1080191509
  stp = 90 -2.0000000000 -1.7587690632 -1.7358970411 -1.7309927501 -1.7358970411 1.1080191509
  stp = 91 -2.0000000000 -1.7587694894 -1.7359162239 -1.7310277928 -1.7359162239 1.1080191509
  stp = 92 -2.0000000000 -1.7587697182 -1.7359268434 -1.7310469606 -1.7359268434 1.1080191509
  stp = 93 -2.0000000000 -1.7587698443 -1.7359328597 -1.7310577712 -1.7359328597 1.1080191509
  stp = 94 -2.0000000000 -1.7587699197 -1.7359365522 -1.7310644031 -1.7359365522 1.1080191509
  stp = 95 -2.0000000000 -1.7587699730 -1.7359392314 -1.7310692246 -1.7359392314 1.1080191509
  stp = 96 -2.0000000000 -1.7587700185 -1.7359415946 -1.7310734937 -1.7359415946 1.1080191509
  stp = 97 -2.0000000000 -1.7587700592 -1.7359437923 -1.7310774876 -1.7359437923 1.1080191509
  stp = 98 -2.0000000000 -1.7587700958 -1.7359458704 -1.7310812955 -1.7359458704 1.1080191509
  stp = 99 -2.0000000000 -1.7587701272 -1.7359477571 -1.7310847889 -1.7359477571 1.1080191509
  stp = 100 -2.0000000000 -1.7587701520 -1.7359493390 -1.7310877527 -1.7359493390 1.1080191509
  stp = 101 -2.0000000000 -1.7587701720 -1.7359506936 -1.7310903233 -1.7359506936 1.1080191509
  stp = 102 -2.0000000000 -1.7587701928 -1.7359522135 -1.7310932533 -1.7359522135 1.1080191509
  stp = 103 -2.0000000000 -1.7587702205 -1.7359544665 -1.7310977048 -1.7359544665 1.1080191509
  stp = 104 -2.0000000000 -1.7587702542 -1.7359576955 -1.7311043437 -1.7359576955 1.1080191509
  stp = 105 -2.0000000000 -1.7587702915 -1.7359621374 -1.7311140447 -1.7359621374 1.1080191509
  stp = 106 -2.0000000000 -1.7587703282 -1.7359678937 -1.7311277486 -1.7359678937 1.1080191509
  stp = 107 -2.0000000000 -1.7587703668 -1.7359763677 -1.7311507184 -1.7359763677 1.1080191509
  stp = 108 -2.0000000000 -1.7587704065 -1.7359899393 -1.7311965916 -1.7359899393 1.1080191509
  stp = 109 -2.0000000000 -1.7587704407 -1.7360098833 -1.7312950118 -1.7360098833 1.1080191509
  stp = 110 -2.0000000000 -1.7587704603 -1.7360287937 -1.7314460475 -1.7360287937 1.1080191509
  stp = 111 -2.0000000000 -1.7587704696 -1.7360413889 -1.7315946683 -1.7360413889 1.1080191509
  stp = 112 -2.0000000000 -1.7587704747 -1.7360498230 -1.7317199107 -1.7360498230 1.1080191509
  stp = 113 -2.0000000000 -1.7587704781 -1.7360562515 -1.7318286765 -1.7360562515 1.1080191509
  stp = 114 -2.0000000000 -1.7587704804 -1.7360611299 -1.7319178078 -1.7360611299 1.1080191509
  stp = 115 -2.0000000000 -1.7587704817 -1.7360642254 -1.7319768239 -1.7360642254 1.1080191509
  stp = 116 -2.0000000000 -1.7587704824 -1.7360659017 -1.7320094909 -1.7360659017 1.1080191509
  stp = 117 -2.0000000000 -1.7587704827 -1.7360668208 -1.7320276193 -1.7360668208 1.1080191509
  stp = 118 -2.0000000000 -1.7587704829 -1.7360673208 -1.7320375604 -1.7360673208 1.1080191509
  stp = 119 -2.0000000000 -1.7587704830 -1.7360675608 -1.7320423571 -1.7360675608 1.1080191509
  stp = 120 -2.0000000000 -1.7587704830 -1.7360676918 -1.7320449885 -1.7360676918 1.1080191509
  stp = 121 -2.0000000000 -1.7587704831 -1.7360677887 -1.7320469466 -1.7360677887 1.1080191509
  stp = 122 -2.0000000000 -1.7587704831 -1.7360678713 -1.7320486236 -1.7360678713 1.1080191509
  stp = 123 -2.0000000000 -1.7587704831 -1.7360679240 -1.7320497003 -1.7360679240 1.1080191509
  stp = 124 -2.0000000000 -1.7587704831 -1.7360679489 -1.7320502137 -1.7360679489 1.1080191509
  stp = 125 -2.0000000000 -1.7587704831 -1.7360679618 -1.7320504801 -1.7360679618 1.1080191509
  stp = 126 -2.0000000000 -1.7587704831 -1.7360679700 -1.7320506501 -1.7360679700 1.1080191509
  stp = 127 -2.0000000000 -1.7587704831 -1.7360679752 -1.7320507571 -1.7360679752 1.1080191509
  stp = 128 -2.0000000000 -1.7587704831 -1.7360679781 -1.7320508180 -1.7360679781 1.1080191509
  stp = 129 -2.0000000000 -1.7587704831 -1.7360679804 -1.7320508665 -1.7360679804 1.1080191509
  stp = 130 -2.0000000000 -1.7587704831 -1.7360679832 -1.7320509252 -1.7360679832 1.1080191509
  stp = 131 -2.0000000000 -1.7587704831 -1.7360679882 -1.7320510338 -1.7360679882 1.1080191509
  stp = 132 -2.0000000000 -1.7587704832 -1.7360680085 -1.7320514935 -1.7360680085 1.1080191509
  stp = 133 -2.0000000000 -1.8155545327 -1.7587704831 -1.7360679581 -1.7587704831 1.1080191509
  stp = 134 -2.0000000000 -1.9118482155 -1.7587704831 -1.7360679720 -1.7587704831 1.1080191509
  stp = 135 -2.0000000000 -1.9583647830 -1.7587704831 -1.7360679749 -1.7587704831 1.1080191509
  stp = 136 -2.0000000000 -1.9800609966 -1.7587704831 -1.7360679760 -1.7587704831 1.1080191509
  stp = 137 -2.0000000000 -1.9900949224 -1.7587704831 -1.7360679766 -1.7587704831 1.1080191509
  stp = 138 -2.0000000000 -1.9944676436 -1.7587704831 -1.7360679769 -1.7587704831 1.1080191509
  stp = 139 -2.0000000000 -1.9967986572 -1.7587704831 -1.7360679771 -1.7587704831 1.1080191509
  stp = 140 -2.0000000000 -1.9984052056 -1.7587704831 -1.7360679772 -1.7587704831 1.1080191509
  stp = 141 -2.0000000000 -1.9993138980 -1.7587704831 -1.7360679773 -1.7587704831 1.1080191509
  stp = 142 -2.0000000000 -1.9996791265 -1.7587704831 -1.7360679774 -1.7587704831 1.1080191509
  stp = 143 -2.0000000000 -1.9998405409 -1.7587704831 -1.7360679774 -1.7587704831 1.1080191509
  Lanczos EigenValue in vec12 = -2.0000000000 
 
######  End  : Calculate Lanczos EigenValue.  ######

######  Start: Calculate Lanczos Eigenvec.  ######

  Start: Calculate Lanczos Eigenvector.
  End  : Calculate Lanczos Eigenvector.
  Start: Calculate Energy.
  End  : Calculate Energy.

  Accuracy check !!!
  LanczosEnergy = -2.00000000000000e+00 
  EnergyByVec   = -2.00000000000000e+00 
  diff_ene      = 8.88178419700125e-16 
  var           = 1.11022302462516e-16 
  Accuracy of Lanczos vectors is enough.


######  End  : Calculate Lanczos EigenVec.  ######

  Start: Calculate one body Green functions.
  End  : Calculate one body Green functions.

  Start: Calculate two bodies Green functions.
  End  : Calculate two bodies Green functions.
