                                                                
      ,ammmmmmmmmmmmmmb,,        Welcome to the                 
    ,@@` dm          mb  ===m                                    
  ,@@` d@@@@@@@@@@@@@@@@b Pm,    @@          @@        @@       
 d@  d@@@ @@@ @@@@@@ @@@@b ~@a   @@          @@     @@@@@@@@    
d@   @@@@ ^^^ @@@@ m m @@@   @,  @@          @@   @@@  @@  @@@  
@    @@@@_@@@_@@@@mm mm@@@   @|  @@mmmmmmmmmm@@  @@    @@    @@ 
P@    9@@@@@@@@@@@@@@@@@P    @~  @@@@@@@@@@@@@@  @@    @@    @@ 
 @@      ~~9@@@@@@PPP~      @P   @@          @@   @@@  @@  @@@  
  ~@@b      @@@@@@@      ,@@~    @@          @@     @@@@@@@@    
    ~@@@m,,@@@@@@@@@  ,m@~`      @@          @@        @@       
        ~~9@@@@@@@@@  ~                                         
           9@P~~~9@P             Version 3.2.0    
                                                                


#####  Parallelization Info.  #####

  OpenMP threads : 1
  MPI PEs : 1 


######  Input Parameter of Standard Intarface  ######

  Open Standard-Mode Inputfile Standard.in 

  KEYWORD : model                | VALUE : SpinGC 
  KEYWORD : method               | VALUE : Lanczos 
  KEYWORD : lattice              | VALUE : chain 
  KEYWORD : l                    | VALUE : 8 
  KEYWORD : j                    | VALUE : -4 
  KEYWORD : h                    | VALUE : 0 
  KEYWORD : eigenvecio           | VALUE : Out 

#######  Construct Model  #######

    CDataFileHead = zvo         ######  DEFAULT VALUE IS USED  ######
  @ Lattice Size & Shape

                a = 1.00000     ######  DEFAULT VALUE IS USED  ######
          Wlength = 1.00000     ######  DEFAULT VALUE IS USED  ######
          Llength = 1.00000     ######  DEFAULT VALUE IS USED  ######
               Wx = 1.00000     ######  DEFAULT VALUE IS USED  ######
               Wy = 0.00000     ######  DEFAULT VALUE IS USED  ######
               Lx = 0.00000     ######  DEFAULT VALUE IS USED  ######
               Ly = 1.00000     ######  DEFAULT VALUE IS USED  ######
           phase0 = 0.00000     ######  DEFAULT VALUE IS USED  ######
                L = 8  

  @ Super-Lattice setting

                L = 8         
                W = 1         
           Height = 1           ######  DEFAULT VALUE IS USED  ######
   Number of Cell = 8

  @ Hamiltonian 

                h = 0.00000   
            Gamma = 0.00000     ######  DEFAULT VALUE IS USED  ######
               2S = 1           ######  DEFAULT VALUE IS USED  ######
                D = 0.00000     ######  DEFAULT VALUE IS USED  ######
              J0x = -4.00000  
              J0y = -4.00000  
              J0z = -4.00000  

  @ Numerical conditions

       LargeValue = 9.00000     ######  DEFAULT VALUE IS USED  ######

######  Print Expert input files  ######

    locspn.def is written.
      trans.def is written.
    coulombinter.def is written.
    hund.def is written.
    exchange.def is written.
      Lanczos_max = 2000        ######  DEFAULT VALUE IS USED  ######
       initial_iv = -1          ######  DEFAULT VALUE IS USED  ######
             exct = 1           ######  DEFAULT VALUE IS USED  ######
       LanczosEps = 14          ######  DEFAULT VALUE IS USED  ######
    LanczosTarget = 2           ######  DEFAULT VALUE IS USED  ######
           NumAve = 5           ######  DEFAULT VALUE IS USED  ######
    ExpecInterval = 20          ######  DEFAULT VALUE IS USED  ######
           NOmega = 200         ######  DEFAULT VALUE IS USED  ######
         OmegaMax = 72.00000    ######  DEFAULT VALUE IS USED  ######
         OmegaMin = -72.00000   ######  DEFAULT VALUE IS USED  ######
          OmegaIm = 0.09000     ######  DEFAULT VALUE IS USED  ######
     modpara.def is written.

  @ Spectrum

       SpectrumQW = 0.00000     ######  DEFAULT VALUE IS USED  ######
       SpectrumQL = 0.00000     ######  DEFAULT VALUE IS USED  ######
       SpectrumQH = 0.00000     ######  DEFAULT VALUE IS USED  ######
     SpectrumType = szsz        ######  DEFAULT VALUE IS USED  ######
        pair.def is written.


  @ CalcMod

          Restart = none        ######  DEFAULT VALUE IS USED  ######
   InitialVecType = c           ######  DEFAULT VALUE IS USED  ######
       EigenVecIO = out
         HamIO = none        ######  DEFAULT VALUE IS USED  ######
         CalcSpec = none        ######  DEFAULT VALUE IS USED  ######
         OutputExcitedVec = none        ######  DEFAULT VALUE IS USED  ######
     calcmod.def is written.

      ioutputmode = 1           ######  DEFAULT VALUE IS USED  ######
    greenone.def is written.
    greentwo.def is written.
    namelist.def is written.

######  Input files are generated.  ######

  Read File 'namelist.def'.
  Read File 'calcmod.def' for CalcMod.
  Read File 'modpara.def' for ModPara.
  Read File 'locspn.def' for LocSpin.
  Read File 'trans.def' for Trans.
  Read File 'coulombinter.def' for CoulombInter.
  Read File 'hund.def' for Hund.
  Read File 'exchange.def' for Exchange.
  Read File 'greenone.def' for OneBodyG.
  Read File 'greentwo.def' for TwoBodyG.
  Read File 'pair.def' for PairExcitation.

######  Definition files are correct.  ######

  Read File 'locspn.def'.
  Read File 'trans.def'.
  Read File 'coulombinter.def'.
  Read File 'hund.def'.
  Read File 'exchange.def'.
  Read File 'greenone.def'.
  Read File 'greentwo.def'.
  Read File 'pair.def'.

######  Indices and Parameters of Definition files(*.def) are complete.  ######

  MAX DIMENSION idim_max=256 
  APPROXIMATE REQUIRED MEMORY  max_mem=0.000009 GB 


######  MPI site separation summary  ######

  INTRA process site
    Site    Bit
       0       2
       1       2
       2       2
       3       2
       4       2
       5       2
       6       2
       7       2

  INTER process site
    Site    Bit

  Process element info
    Process       Dimension   Nup  Ndown  Nelec  Total2Sz   State
          0             256     0      0      0         0   

   Total dimension : 256


######  LARGE ALLOCATE FINISH !  ######

  Start: Calculate HilbertNum for fixed Sz. 
  End  : Calculate HilbertNum for fixed Sz. 

  Start: Calculate diagaonal components of Hamiltonian. 
  End  : Calculate diagaonal components of Hamiltonian. 

######  Start: Calculate Lanczos Eigenvalue.  ######

  initial_mode=1 (random): iv = -1 i_max=256 k_exct =1 

  LanczosStep  E[1] E[2] E[3] E[4] Target:E[3] E_Max/Nsite
  stp = 2 -3.7498581070 6.4674359280 xxxxxxxxxx xxxxxxxxx xxxxxxxxx xxxxxxxxx 
  stp = 3 -5.8040764396 1.6435189572 10.6967265041 0.0000000000 10.6967265041 1.3370908130
  stp = 4 -6.6674266468 -0.9883725280 5.3080007201 12.5794511359 5.3080007201 1.5724313920
  stp = 5 -7.1527322385 -3.1698914858 1.9634210948 7.9478561476 1.9634210948 1.6793986286
  stp = 6 -7.4862073854 -4.6109306475 0.1075678184 4.9277209679 0.1075678184 1.7438577897
  stp = 7 -7.7087944161 -5.4450165194 -1.4585539472 2.3448266847 -1.4585539472 1.7931063623
  stp = 8 -7.8541910801 -6.0047427854 -3.0105254328 0.4691054929 -3.0105254328 1.8161284363
  stp = 9 -7.9479362247 -6.4073135684 -4.0775071066 -0.7073470364 -4.0775071066 1.8236037089
  stp = 10 -7.9786069656 -6.5606331705 -4.4839668204 -1.4602546785 -4.4839668204 1.8251968429
  stp = 11 -7.9911389445 -6.6539902037 -4.9044724862 -2.9998531096 -4.9044724862 1.8254825842
  stp = 12 -7.9969719702 -6.7316279811 -5.4310784140 -3.8625954961 -5.4310784140 1.8255327632
  stp = 13 -7.9992329565 -6.7859364424 -5.7631810424 -4.1595793427 -5.7631810424 1.8255447887
  stp = 14 -7.9997384498 -6.8063055324 -5.8817562357 -4.2930286757 -5.8817562357 1.8255463180
  stp = 15 -7.9999420976 -6.8202175078 -5.9811622025 -4.5485022043 -5.9811622025 1.8255466547
  stp = 16 -7.9999888287 -6.8256607282 -6.0329274766 -4.8065330056 -6.0329274766 1.8255467007
  stp = 17 -7.9999968651 -6.8271608372 -6.0527303640 -4.9499721251 -6.0527303640 1.8255467041
  stp = 18 -7.9999991878 -6.8278754529 -6.0672427305 -5.1217777624 -6.0672427305 1.8255467044
  stp = 19 -7.9999998380 -6.8282333601 -6.0803570326 -5.3599706002 -6.0803570326 1.8255467045
  stp = 20 -7.9999999672 -6.8283597620 -6.0891304781 -5.5252526861 -6.0891304781 1.8255467045
  stp = 21 -7.9999999918 -6.8284004136 -6.0942000678 -5.6156900900 -6.0942000678 1.8255467045
  stp = 22 -7.9999999987 -6.8284199607 -6.0987289293 -5.6976741172 -6.0987289293 1.8255467045
  stp = 23 -7.9999999997 -6.8284244844 -6.1005473677 -5.7313117910 -6.1005473677 1.8255467045
  stp = 24 -8.0000000000 -6.8284265612 -6.1019547254 -5.7609250058 -6.1019547254 1.8255467045
  stp = 25 -8.0000000000 -6.8284269793 -6.1024256509 -5.7727174260 -6.1024256509 1.8255467045
  stp = 26 -8.0000000000 -6.8284270749 -6.1025859961 -5.7775393882 -6.1025859961 1.8255467045
  stp = 27 -8.0000000000 -6.8284271101 -6.1026739600 -5.7808192530 -6.1026739600 1.8255467045
  stp = 28 -8.0000000000 -6.8284271227 -6.1027290977 -5.7837663006 -6.1027290977 1.8255467045
  stp = 29 -8.0000000000 -6.8284271245 -6.1027426188 -5.7848043225 -6.1027426188 1.8255467045
  stp = 30 -8.0000000000 -6.8284271246 -6.1027438445 -5.7849179558 -6.1027438445 1.8255467045
  stp = 31 -8.0000000000 -6.8284271247 -6.1027447208 -5.7850227801 -6.1027447208 1.8255467045
  stp = 32 -8.0000000000 -6.8284271247 -6.1027474279 -5.7881406372 -6.1027474279 1.8255467045
  stp = 33 -8.0000000000 -6.8284271247 -6.1027484514 -5.8398955951 -6.1027484514 1.8255467045
  stp = 34 -8.0000000000 -6.8284271247 -6.1027484798 -5.8417568372 -6.1027484798 1.8255467045
  stp = 35 -8.0000000000 -6.8284271247 -6.1027484825 -5.8419473762 -6.1027484825 1.8255467045
  stp = 36 -8.0000000000 -6.8284271247 -6.1027484834 -5.8420167704 -6.1027484834 1.8255467045
  stp = 37 -8.0000000000 -6.8284271247 -6.1027484835 -5.8420194708 -6.1027484835 1.8255467045
  stp = 38 -8.0000000000 -6.8284271247 -6.1027484835 -5.8420194789 -6.1027484835 1.8255467045
  stp = 39 -8.0000000000 -6.8284271247 -6.1027484835 -5.8420194797 -6.1027484835 1.8255467045
  Lanczos EigenValue in vec12 = -8.0000000000 
 
######  End  : Calculate Lanczos EigenValue.  ######

######  Start: Calculate Lanczos Eigenvec.  ######

  Start: Calculate Lanczos Eigenvector.
  End  : Calculate Lanczos Eigenvector.
  Start: Calculate Energy.
  End  : Calculate Energy.

  Accuracy check !!!
  LanczosEnergy = -8.00000000000000e+00 
  EnergyByVec   = -8.00000000000000e+00 
  diff_ene      = 0.00000000000000e+00 
  var           = 1.11022302462516e-16 
  Accuracy of Lanczos vectors is enough.


######  End  : Calculate Lanczos EigenVec.  ######

  Start: Calculate one body Green functions.
  End  : Calculate one body Green functions.

  Start: Calculate two bodies Green functions.
  End  : Calculate two bodies Green functions.
